[2024-08-13 17:49:14,459: INFO: main: welcome to our custom logging]
[2024-08-13 21:19:49,272: INFO: common: yaml file: config/config.yaml loaded successfully]
[2024-08-13 21:19:49,281: INFO: common: yaml file: params.yaml loaded successfully]
[2024-08-13 21:20:50,642: INFO: common: yaml file: config/config.yaml loaded successfully]
[2024-08-13 21:20:50,644: INFO: common: yaml file: params.yaml loaded successfully]
[2024-08-13 21:20:50,645: INFO: common: yaml file: schema.yaml loaded successfully]
[2024-08-13 21:20:50,646: INFO: common: created directory at: artifacts]
[2024-08-13 21:20:50,647: INFO: common: created directory at: artifacts/data_ingestion]
[2024-08-13 21:20:51,685: INFO: 1296252217: artifacts/data_ingestion/data.zip download! with following info: 
Connection: close
Content-Length: 23329
Cache-Control: max-age=300
Content-Security-Policy: default-src 'none'; style-src 'unsafe-inline'; sandbox
Content-Type: application/zip
ETag: "c69888a4ae59bc5a893392785a938ccd4937981c06ba8a9d6a21aa52b4ab5b6e"
Strict-Transport-Security: max-age=31536000
X-Content-Type-Options: nosniff
X-Frame-Options: deny
X-XSS-Protection: 1; mode=block
X-GitHub-Request-Id: 39E1:1AD920:125113D:13457A7:66BC30A3
Accept-Ranges: bytes
Date: Wed, 14 Aug 2024 04:20:51 GMT
Via: 1.1 varnish
X-Served-By: cache-bur-kbur8200043-BUR
X-Cache: MISS
X-Cache-Hits: 0
X-Timer: S1723609252.513443,VS0,VE198
Vary: Authorization,Accept-Encoding,Origin
Access-Control-Allow-Origin: *
Cross-Origin-Resource-Policy: cross-origin
X-Fastly-Request-ID: ef367dfb4fa899dfb34bae7a9039bedd7057e8d0
Expires: Wed, 14 Aug 2024 04:25:51 GMT
Source-Age: 0

]
[2024-08-13 21:24:17,737: INFO: common: yaml file: config/config.yaml loaded successfully]
[2024-08-13 21:24:17,739: INFO: common: yaml file: params.yaml loaded successfully]
[2024-08-13 21:24:17,740: INFO: common: yaml file: schema.yaml loaded successfully]
[2024-08-13 21:24:17,740: INFO: common: created directory at: artifacts]
[2024-08-13 21:24:17,741: INFO: common: created directory at: artifacts/data_ingestion]
[2024-08-13 21:24:17,742: INFO: 3977192282: File already exists of size : ~ 23 KB]
[2024-08-13 21:37:56,457: INFO: main: >>>>>> stage DATA INGESTION STAGE started <<<<<<]
[2024-08-13 21:37:56,459: INFO: common: yaml file: config/config.yaml loaded successfully]
[2024-08-13 21:37:56,459: INFO: common: yaml file: params.yaml loaded successfully]
[2024-08-13 21:37:56,460: INFO: common: yaml file: schema.yaml loaded successfully]
[2024-08-13 21:37:56,460: INFO: common: created directory at: artifacts]
[2024-08-13 21:37:56,460: INFO: common: created directory at: artifacts/data_ingestion]
[2024-08-13 21:37:57,299: INFO: data_ingestion: artifacts/data_ingestion/data.zip download! with following info: 
Connection: close
Content-Length: 23329
Cache-Control: max-age=300
Content-Security-Policy: default-src 'none'; style-src 'unsafe-inline'; sandbox
Content-Type: application/zip
ETag: "c69888a4ae59bc5a893392785a938ccd4937981c06ba8a9d6a21aa52b4ab5b6e"
Strict-Transport-Security: max-age=31536000
X-Content-Type-Options: nosniff
X-Frame-Options: deny
X-XSS-Protection: 1; mode=block
X-GitHub-Request-Id: 559C:1BC3C4:22BEED7:24BCE39:66BC34A4
Accept-Ranges: bytes
Date: Wed, 14 Aug 2024 04:37:57 GMT
Via: 1.1 varnish
X-Served-By: cache-lax-kwhp1940059-LAX
X-Cache: MISS
X-Cache-Hits: 0
X-Timer: S1723610277.078873,VS0,VE216
Vary: Authorization,Accept-Encoding,Origin
Access-Control-Allow-Origin: *
Cross-Origin-Resource-Policy: cross-origin
X-Fastly-Request-ID: 195434d9e2b17b94ded3a5d6500f011ed49e13b5
Expires: Wed, 14 Aug 2024 04:42:57 GMT
Source-Age: 0

]
[2024-08-13 21:37:57,302: INFO: main: >>>>>> stage DATA INGESTION STAGE completed <<<<<<

x==========x]
